2025-04-17T15:06:30.034Z - Close prices: 2429
2025-04-17T15:06:30.034Z - Initial Date: 2015-04-17
2025-04-17T15:06:30.034Z - Final Date: 2025-04-16
2025-04-17T15:06:34.055Z - Industry Name: Industry Name, Unlevered Beta: Unlevered beta
2025-04-17T15:06:34.055Z - Industry Name: Advertising, Unlevered Beta: 1.12
2025-04-17T15:06:34.056Z - Industry Name: Aerospace/Defense, Unlevered Beta: 0.77
2025-04-17T15:06:34.056Z - Industry Name: Aerospace/DefenseBeta: 0.77
2025-04-17T16:17:44.094Z - Close prices: 2429
2025-04-17T16:17:44.095Z - Initial Date: 2015-04-17
2025-04-17T16:17:44.095Z - Final Date: 2025-04-16
2025-04-17T16:17:50.443Z - Industry Name: R.E.I.T., Unlevered Beta: 0.58
2025-04-17T16:17:50.444Z - Industry Name: Real
		        Estate (Development), Unlevered Beta: 0.57
2025-04-17T16:17:50.444Z - Industry Name: Real Estate
		        (General/Diversified), Unlevered Beta: 0.65
2025-04-17T16:17:50.472Z - Industry Name: Real
		        Estate (Operations & Services), Unlevered Beta: 0.89
2025-04-17T16:17:50.473Z - Industry Name: Recreation, Unlevered Beta: 0.89
2025-04-17T16:17:50.473Z - Industry Name: Reinsurance, Unlevered Beta: 0.42
2025-04-17T16:17:50.473Z - Industry Name: Restaurant/Dining, Unlevered Beta: 0.86
2025-04-17T16:17:50.473Z - Industry Name: Retail
		        (Automotive), Unlevered Beta: 0.98
2025-04-17T16:17:50.474Z - Industry Name: Retail (Building Supply), Unlevered Beta: 1.55
2025-04-17T16:17:50.474Z - Industry Name: Retail
		        (Distributors), Unlevered Beta: 0.91
2025-04-17T16:17:50.404Z - Industry Name: Industry Name, Unlevered Beta: Unlevered beta
2025-04-17T16:17:50.405Z - Industry Name: Advertising, Unlevered Beta: 1.12
2025-04-17T16:17:50.406Z - Industry Name: Aerospace/Defense, Unlevered Beta: 0.77
2025-04-17T16:17:50.408Z - Industry Name: Air Transport, Unlevered Beta: 0.69
2025-04-17T16:17:50.409Z - Industry Name: Apparel, Unlevered Beta: 0.74
2025-04-17T16:17:50.410Z - Industry Name: Auto & Truck, Unlevered Beta: 1.39
2025-04-17T16:17:50.412Z - Industry Name: Auto
		        Parts, Unlevered Beta: 0.91
2025-04-17T16:17:50.412Z - Industry Name: Bank (Money Center), Unlevered Beta: 0.37
2025-04-17T16:17:50.413Z - Industry Name: Banks
		        (Regional), Unlevered Beta: 0.36
2025-04-17T16:17:50.414Z - Industry Name: Beverage (Alcoholic), Unlevered Beta: 0.50
2025-04-17T16:17:50.414Z - Industry Name: Beverage
		        (Soft), Unlevered Beta: 0.50
2025-04-17T16:17:50.415Z - Industry Name: Broadcasting, Unlevered Beta: 0.43
2025-04-17T16:17:50.417Z - Industry Name: Brokerage
		        & Investment Banking, Unlevered Beta: 0.40
2025-04-17T16:17:50.418Z - Industry Name: Building Materials, Unlevered Beta: 1.19
2025-04-17T16:17:50.418Z - Industry Name: Business
		        & Consumer Services, Unlevered Beta: 0.89
2025-04-17T16:17:50.419Z - Industry Name: Cable TV, Unlevered Beta: 0.49
2025-04-17T16:17:50.420Z - Industry Name: Chemical
		        (Basic), Unlevered Beta: 0.80
2025-04-17T16:17:50.420Z - Industry Name: Chemical (Diversified), Unlevered Beta: 0.54
2025-04-17T16:17:50.421Z - Industry Name: Chemical
		        (Specialty), Unlevered Beta: 0.76
2025-04-17T16:17:50.421Z - Industry Name: Coal & Related Energy, Unlevered Beta: 1.10
2025-04-17T16:17:50.422Z - Industry Name: Computer
		        Services, Unlevered Beta: 1.03
2025-04-17T16:17:50.422Z - Industry Name: Computers/Peripherals, Unlevered Beta: 1.10
2025-04-17T16:17:50.423Z - Industry Name: Construction
		        Supplies, Unlevered Beta: 1.11
2025-04-17T16:17:50.425Z - Industry Name: Education, Unlevered Beta: 0.86
2025-04-17T16:17:50.425Z - Industry Name: Electrical Equipment, Unlevered Beta: 1.14
2025-04-17T16:17:50.426Z - Industry Name: Electronics
		        (Consumer & Office), Unlevered Beta: 0.84
2025-04-17T16:17:50.426Z - Industry Name: Electronics (General), Unlevered Beta: 0.96
2025-04-17T16:17:50.427Z - Industry Name: Engineering/Construction, Unlevered Beta: 0.87
2025-04-17T16:17:50.424Z - Industry Name: Drugs
		        (Biotechnology), Unlevered Beta: 1.11
2025-04-17T16:17:50.424Z - Industry Name: Drugs (Pharmaceutical), Unlevered Beta: 0.95
2025-04-17T16:17:50.423Z - Industry Name: Diversified, Unlevered Beta: 0.97
2025-04-17T16:17:50.427Z - Industry Name: Entertainment, Unlevered Beta: 0.90
2025-04-17T16:17:50.427Z - Industry Name: Environmental
		        & Waste Services, Unlevered Beta: 0.80
2025-04-17T16:17:50.428Z - Industry Name: Farming/Agriculture, Unlevered Beta: 0.70
2025-04-17T16:17:50.428Z - Industry Name: Financial
		        Svcs. (Non-bank & Insurance), Unlevered Beta: 0.34
2025-04-17T16:17:50.429Z - Industry Name: Food Processing, Unlevered Beta: 0.37
2025-04-17T16:17:50.429Z - Industry Name: Food
		        Wholesalers, Unlevered Beta: 0.54
2025-04-17T16:17:50.430Z - Industry Name: Furn/Home Furnishings, Unlevered Beta: 0.66
2025-04-17T16:17:50.430Z - Industry Name: Green
		        & Renewable Energy, Unlevered Beta: 0.49
2025-04-17T16:17:50.431Z - Industry Name: Healthcare Products, Unlevered Beta: 0.92
2025-04-17T16:17:50.431Z - Industry Name: Healthcare
		        Support Services, Unlevered Beta: 0.76
2025-04-17T16:17:50.432Z - Industry Name: Heathcare Information and Technology, Unlevered Beta: 1.09
2025-04-17T16:17:50.432Z - Industry Name: Homebuilding, Unlevered Beta: 1.26
2025-04-17T16:17:50.432Z - Industry Name: Hospitals/Healthcare Facilities, Unlevered Beta: 0.54
2025-04-17T16:17:50.433Z - Industry Name: Hotel/Gaming, Unlevered Beta: 0.90
2025-04-17T16:17:50.433Z - Industry Name: Household Products, Unlevered Beta: 0.81
2025-04-17T16:17:50.433Z - Industry Name: Information
		        Services, Unlevered Beta: 0.77
2025-04-17T16:17:50.434Z - Industry Name: Insurance (General), Unlevered Beta: 0.67
2025-04-17T16:17:50.434Z - Industry Name: Insurance
		        (Life), Unlevered Beta: 0.50
2025-04-17T16:17:50.434Z - Industry Name: Insurance (Prop/Cas.), Unlevered Beta: 0.55
2025-04-17T16:17:50.435Z - Industry Name: Investments
		        & Asset Management, Unlevered Beta: 0.45
2025-04-17T16:17:50.435Z - Industry Name: Machinery, Unlevered Beta: 0.96
2025-04-17T16:17:50.436Z - Industry Name: Metals
		        & Mining, Unlevered Beta: 0.91
2025-04-17T16:17:50.436Z - Industry Name: Office Equipment & Services, Unlevered Beta: 0.89
2025-04-17T16:17:50.436Z - Industry Name: Oil/Gas
		        (Integrated), Unlevered Beta: 0.44
2025-04-17T16:17:50.437Z - Industry Name: Oil/Gas (Production and
		        Exploration), Unlevered Beta: 0.73
2025-04-17T16:17:50.439Z - Industry Name: Oil/Gas
		        Distribution, Unlevered Beta: 0.54
2025-04-17T16:17:50.439Z - Industry Name: Oilfield Svcs/Equip., Unlevered Beta: 0.73
2025-04-17T16:17:50.440Z - Industry Name: Packaging
		        & Container, Unlevered Beta: 0.70
2025-04-17T16:17:50.440Z - Industry Name: Paper/Forest Products, Unlevered Beta: 0.92
2025-04-17T16:17:50.440Z - Industry Name: Power, Unlevered Beta: 0.34
2025-04-17T16:17:50.441Z - Industry Name: Precious Metals, Unlevered Beta: 1.08
2025-04-17T16:17:50.442Z - Industry Name: Publishing
		        & Newspapers, Unlevered Beta: 0.53
2025-04-17T16:17:50.474Z - Industry Name: Retail (General), Unlevered Beta: 0.99
2025-04-17T16:17:50.474Z - Industry Name: Retail
		        (Grocery and Food), Unlevered Beta: 0.42
2025-04-17T16:17:50.474Z - Industry Name: Retail (REITs), Unlevered Beta: 0.67
2025-04-17T16:17:50.475Z - Industry Name: Retail
		        (Special Lines), Unlevered Beta: 1.00
2025-04-17T16:17:50.475Z - Industry Name: Rubber& Tires, Unlevered Beta: 0.17
2025-04-17T16:17:50.475Z - Industry Name: Semiconductor, Unlevered Beta: 1.45
2025-04-17T16:17:50.475Z - Industry Name: Semiconductor Equip, Unlevered Beta: 1.39
2025-04-17T16:17:50.475Z - Industry Name: Shipbuilding
		        & Marine, Unlevered Beta: 0.51
2025-04-17T16:17:50.476Z - Industry Name: Shoe, Unlevered Beta: 1.32
2025-04-17T16:17:50.476Z - Industry Name: Software
		        (Entertainment), Unlevered Beta: 1.16
2025-04-17T16:17:50.478Z - Industry Name: Software (Internet), Unlevered Beta: 1.56
2025-04-17T16:17:50.478Z - Industry Name: Software
		        (System & Application), Unlevered Beta: 1.20
2025-04-17T16:17:50.478Z - Industry Name: Steel, Unlevered Beta: 0.89
2025-04-17T16:17:50.479Z - Industry Name: Telecom
		        (Wireless), Unlevered Beta: 0.57
2025-04-17T16:17:50.479Z - Industry Name: Tobacco, Unlevered Beta: 0.81
2025-04-17T16:17:50.481Z - Industry Name: Utility (General), Unlevered Beta: 0.25
2025-04-17T16:17:50.481Z - Industry Name: Utility
		        (Water), Unlevered Beta: 0.47
2025-04-17T16:17:50.481Z - Industry Name: Total Market, Unlevered Beta: 0.77
2025-04-17T16:17:50.482Z - Industry Name: Total
		        Market (without financials), Unlevered Beta: 0.95
2025-04-17T16:17:50.479Z - Industry Name: Telecom. Equipment, Unlevered Beta: 0.91
2025-04-17T16:17:50.479Z - Industry Name: Telecom.
		        Services, Unlevered Beta: 0.51
2025-04-17T16:17:50.479Z - Industry Name: Transportation, Unlevered Beta: 0.80
2025-04-17T16:17:50.481Z - Industry Name: Trucking, Unlevered Beta: 0.94
2025-04-17T16:17:50.482Z - Industry Name: , Unlevered Beta: 
2025-04-17T16:17:50.480Z - Industry Name: Transportation (Railroads), Unlevered Beta: 0.82
2025-04-17T16:22:20.515Z - Close prices: 2429
2025-04-17T16:22:20.515Z - Initial Date: 2015-04-17
2025-04-17T16:22:20.515Z - Final Date: 2025-04-16
2025-04-17T16:22:22.239Z - Industry Name: Industry Name, Unlevered Beta: Unlevered beta
2025-04-17T16:22:22.240Z - Industry Name: Advertising, Unlevered Beta: 1.12
2025-04-17T16:22:22.240Z - Industry Name: Aerospace/Defense, Unlevered Beta: 0.77
2025-04-17T16:22:22.240Z - Industry Name: Aerospace/DefenseBeta: 0.77
